Added Component: Designator=C1(RB5-10.5)
Added Component: Designator=DRV1(SO-G5/P.95)
Added Component: Designator=DRV2(SO-G5/P.95)
Added Component: Designator=L1(WE-PD HV_1060)
Added Component: Designator=P(HDR1X2)
Added Component: Designator=P(HDR1X2)
Added Component: Designator=Q1(TO-220-AB)
Added Component: Designator=Q2(TO-220-AB)
Added Component: Designator=R_LOAD(6-0805_M)
Added Component: Designator=Vin(HDR1X2)
Added Pin To Net: NetName=GND Pin=C1-1
Added Pin To Net: NetName=GND Pin=DRV1-2
Added Pin To Net: NetName=GND Pin=DRV1-4
Added Pin To Net: NetName=GND Pin=DRV2-2
Added Pin To Net: NetName=GND Pin=DRV2-4
Added Pin To Net: NetName=GND Pin=P-2
Added Pin To Net: NetName=GND Pin=Q2-3
Added Pin To Net: NetName=GND Pin=R_LOAD-1
Added Pin To Net: NetName=GND Pin=Vin-1
Added Net: Name=GND
Added Pin To Net: NetName=NetC1_2 Pin=C1-2
Added Pin To Net: NetName=NetC1_2 Pin=L1-2
Added Pin To Net: NetName=NetC1_2 Pin=P-1
Added Pin To Net: NetName=NetC1_2 Pin=R_LOAD-2
Added Net: Name=NetC1_2
Added Pin To Net: NetName=NetDRV1_3 Pin=DRV1-3
Added Pin To Net: NetName=NetDRV1_3 Pin=P-1
Added Net: Name=NetDRV1_3
Added Pin To Net: NetName=NetDRV1_5 Pin=DRV1-5
Added Pin To Net: NetName=NetDRV1_5 Pin=Q2-2
Added Net: Name=NetDRV1_5
Added Pin To Net: NetName=NetDRV2_3 Pin=DRV2-3
Added Pin To Net: NetName=NetDRV2_3 Pin=P-2
Added Net: Name=NetDRV2_3
Added Pin To Net: NetName=NetDRV2_5 Pin=DRV2-5
Added Pin To Net: NetName=NetDRV2_5 Pin=Q1-2
Added Net: Name=NetDRV2_5
Added Pin To Net: NetName=NetL1_1 Pin=L1-1
Added Pin To Net: NetName=NetL1_1 Pin=Q1-3
Added Pin To Net: NetName=NetL1_1 Pin=Q2-1
Added Net: Name=NetL1_1
Added Pin To Net: NetName=VIN Pin=DRV1-1
Added Pin To Net: NetName=VIN Pin=DRV2-1
Added Pin To Net: NetName=VIN Pin=Q1-1
Added Pin To Net: NetName=VIN Pin=Vin-2
Added Net: Name=VIN
Added Class: Name=Sheet1
Added Room: Name=Sheet1
